INFO:Calentando motores...
INFO:[20/May/2016:19:28:34] ENGINE Bus STARTING
INFO:[20/May/2016:19:28:34] ENGINE Started monitor thread '_TimeoutMonitor'.
INFO:[20/May/2016:19:28:34] ENGINE Started monitor thread 'Autoreloader'.
INFO:[20/May/2016:19:28:34] ENGINE Serving on http://0.0.0.0:5432
INFO:[20/May/2016:19:28:34] ENGINE Bus STARTED
INFO:Cargando timelines...
INFO:Calculo de features en tweetsRDD...
INFO:Iniciando calculo de tweets por dia...
ERROR:Exception on /carga_inicial/ [POST]
Traceback (most recent call last):
  File "/usr/local/lib/python2.7/dist-packages/flask/app.py", line 1817, in wsgi_app
    response = self.full_dispatch_request()
  File "/usr/local/lib/python2.7/dist-packages/flask/app.py", line 1477, in full_dispatch_request
    rv = self.handle_user_exception(e)
  File "/usr/local/lib/python2.7/dist-packages/flask/app.py", line 1381, in handle_user_exception
    reraise(exc_type, exc_value, tb)
  File "/usr/local/lib/python2.7/dist-packages/flask/app.py", line 1475, in full_dispatch_request
    rv = self.dispatch_request()
  File "/usr/local/lib/python2.7/dist-packages/flask/app.py", line 1461, in dispatch_request
    return self.view_functions[rule.endpoint](**req.view_args)
  File "/home/jduarte/Workspace/TesisSpark/app.py", line 19, in carga_inicial
    r = motor_clasificador.carga_inicial(directorio)
  File "/home/jduarte/Workspace/TesisSpark/engine.py", line 46, in carga_inicial
    tweets_features = tools.tweets_features(self.tweets_RDD, self.sqlcontext)
  File "/home/jduarte/Workspace/TesisSpark/tools.py", line 348, in tweets_features
    _tweets_x_dia = tweets_x_dia(tweets_RDD)
  File "/home/jduarte/Workspace/TesisSpark/tools.py", line 217, in tweets_x_dia
    porcentaje_dias).toDF().repartition("user_id")
  File "/home/jduarte/Herramientas/spark/python/lib/pyspark.zip/pyspark/sql/context.py", line 64, in toDF
    return sqlContext.createDataFrame(self, schema, sampleRatio)
  File "/home/jduarte/Herramientas/spark/python/lib/pyspark.zip/pyspark/sql/context.py", line 423, in createDataFrame
    rdd, schema = self._createFromRDD(data, schema, samplingRatio)
  File "/home/jduarte/Herramientas/spark/python/lib/pyspark.zip/pyspark/sql/context.py", line 310, in _createFromRDD
    struct = self._inferSchema(rdd, samplingRatio)
  File "/home/jduarte/Herramientas/spark/python/lib/pyspark.zip/pyspark/sql/context.py", line 254, in _inferSchema
    first = rdd.first()
  File "/home/jduarte/Herramientas/spark/python/lib/pyspark.zip/pyspark/rdd.py", line 1315, in first
    rs = self.take(1)
  File "/home/jduarte/Herramientas/spark/python/lib/pyspark.zip/pyspark/rdd.py", line 1297, in take
    res = self.context.runJob(self, takeUpToNumLeft, p)
  File "/home/jduarte/Herramientas/spark/python/lib/pyspark.zip/pyspark/context.py", line 939, in runJob
    port = self._jvm.PythonRDD.runJob(self._jsc.sc(), mappedRDD._jrdd, partitions)
  File "/home/jduarte/Herramientas/spark/python/lib/py4j-0.9-src.zip/py4j/java_gateway.py", line 813, in __call__
    answer, self.gateway_client, self.target_id, self.name)
  File "/home/jduarte/Herramientas/spark/python/lib/pyspark.zip/pyspark/sql/utils.py", line 45, in deco
    return f(*a, **kw)
  File "/home/jduarte/Herramientas/spark/python/lib/py4j-0.9-src.zip/py4j/protocol.py", line 308, in get_return_value
    format(target_id, ".", name), value)
Py4JJavaError: An error occurred while calling z:org.apache.spark.api.python.PythonRDD.runJob.
: org.apache.spark.SparkException: Job aborted due to stage failure: Task 2 in stage 3.0 failed 1 times, most recent failure: Lost task 2.0 in stage 3.0 (TID 64, localhost): org.apache.spark.api.python.PythonException: Traceback (most recent call last):
  File "/home/jduarte/Herramientas/spark/python/lib/pyspark.zip/pyspark/worker.py", line 98, in main
    command = pickleSer._read_with_length(infile)
  File "/home/jduarte/Herramientas/spark/python/lib/pyspark.zip/pyspark/serializers.py", line 164, in _read_with_length
    return self.loads(obj)
  File "/home/jduarte/Herramientas/spark/python/lib/pyspark.zip/pyspark/serializers.py", line 422, in loads
    return pickle.loads(obj)
  File "/tmp/spark-f90d5008-650d-45d8-a6c2-d0014fdd3bba/userFiles-f8054c7b-0e50-42c9-b257-2f8d60f2d35c/tools.py", line 9, in <module>
    logging.basicConfig(filename="logs/engine.log", format='%(levelname)s:%(message)s', level=logging.INFO)
  File "/usr/lib/python2.7/logging/__init__.py", line 1532, in basicConfig
    hdlr = FileHandler(filename, mode)
  File "/usr/lib/python2.7/logging/__init__.py", line 903, in __init__
    StreamHandler.__init__(self, self._open())
  File "/usr/lib/python2.7/logging/__init__.py", line 928, in _open
    stream = open(self.baseFilename, self.mode)
IOError: [Errno 2] No such file or directory: '/tmp/spark-f90d5008-650d-45d8-a6c2-d0014fdd3bba/userFiles-f8054c7b-0e50-42c9-b257-2f8d60f2d35c/logs/engine.log'

	at org.apache.spark.api.python.PythonRunner$$anon$1.read(PythonRDD.scala:166)
	at org.apache.spark.api.python.PythonRunner$$anon$1.<init>(PythonRDD.scala:207)
	at org.apache.spark.api.python.PythonRunner.compute(PythonRDD.scala:125)
	at org.apache.spark.api.python.PythonRDD.compute(PythonRDD.scala:70)
	at org.apache.spark.rdd.RDD.computeOrReadCheckpoint(RDD.scala:306)
	at org.apache.spark.rdd.RDD.iterator(RDD.scala:270)
	at org.apache.spark.api.python.PairwiseRDD.compute(PythonRDD.scala:342)
	at org.apache.spark.rdd.RDD.computeOrReadCheckpoint(RDD.scala:306)
	at org.apache.spark.rdd.RDD.iterator(RDD.scala:270)
	at org.apache.spark.scheduler.ShuffleMapTask.runTask(ShuffleMapTask.scala:73)
	at org.apache.spark.scheduler.ShuffleMapTask.runTask(ShuffleMapTask.scala:41)
	at org.apache.spark.scheduler.Task.run(Task.scala:89)
	at org.apache.spark.executor.Executor$TaskRunner.run(Executor.scala:214)
	at java.util.concurrent.ThreadPoolExecutor.runWorker(ThreadPoolExecutor.java:1142)
	at java.util.concurrent.ThreadPoolExecutor$Worker.run(ThreadPoolExecutor.java:617)
	at java.lang.Thread.run(Thread.java:745)

Driver stacktrace:
	at org.apache.spark.scheduler.DAGScheduler.org$apache$spark$scheduler$DAGScheduler$$failJobAndIndependentStages(DAGScheduler.scala:1431)
	at org.apache.spark.scheduler.DAGScheduler$$anonfun$abortStage$1.apply(DAGScheduler.scala:1419)
	at org.apache.spark.scheduler.DAGScheduler$$anonfun$abortStage$1.apply(DAGScheduler.scala:1418)
	at scala.collection.mutable.ResizableArray$class.foreach(ResizableArray.scala:59)
	at scala.collection.mutable.ArrayBuffer.foreach(ArrayBuffer.scala:47)
	at org.apache.spark.scheduler.DAGScheduler.abortStage(DAGScheduler.scala:1418)
	at org.apache.spark.scheduler.DAGScheduler$$anonfun$handleTaskSetFailed$1.apply(DAGScheduler.scala:799)
	at org.apache.spark.scheduler.DAGScheduler$$anonfun$handleTaskSetFailed$1.apply(DAGScheduler.scala:799)
	at scala.Option.foreach(Option.scala:236)
	at org.apache.spark.scheduler.DAGScheduler.handleTaskSetFailed(DAGScheduler.scala:799)
	at org.apache.spark.scheduler.DAGSchedulerEventProcessLoop.doOnReceive(DAGScheduler.scala:1640)
	at org.apache.spark.scheduler.DAGSchedulerEventProcessLoop.onReceive(DAGScheduler.scala:1599)
	at org.apache.spark.scheduler.DAGSchedulerEventProcessLoop.onReceive(DAGScheduler.scala:1588)
	at org.apache.spark.util.EventLoop$$anon$1.run(EventLoop.scala:48)
	at org.apache.spark.scheduler.DAGScheduler.runJob(DAGScheduler.scala:620)
	at org.apache.spark.SparkContext.runJob(SparkContext.scala:1832)
	at org.apache.spark.SparkContext.runJob(SparkContext.scala:1845)
	at org.apache.spark.SparkContext.runJob(SparkContext.scala:1858)
	at org.apache.spark.api.python.PythonRDD$.runJob(PythonRDD.scala:393)
	at org.apache.spark.api.python.PythonRDD.runJob(PythonRDD.scala)
	at sun.reflect.NativeMethodAccessorImpl.invoke0(Native Method)
	at sun.reflect.NativeMethodAccessorImpl.invoke(NativeMethodAccessorImpl.java:62)
	at sun.reflect.DelegatingMethodAccessorImpl.invoke(DelegatingMethodAccessorImpl.java:43)
	at java.lang.reflect.Method.invoke(Method.java:498)
	at py4j.reflection.MethodInvoker.invoke(MethodInvoker.java:231)
	at py4j.reflection.ReflectionEngine.invoke(ReflectionEngine.java:381)
	at py4j.Gateway.invoke(Gateway.java:259)
	at py4j.commands.AbstractCommand.invokeMethod(AbstractCommand.java:133)
	at py4j.commands.CallCommand.execute(CallCommand.java:79)
	at py4j.GatewayConnection.run(GatewayConnection.java:209)
	at java.lang.Thread.run(Thread.java:745)
Caused by: org.apache.spark.api.python.PythonException: Traceback (most recent call last):
  File "/home/jduarte/Herramientas/spark/python/lib/pyspark.zip/pyspark/worker.py", line 98, in main
    command = pickleSer._read_with_length(infile)
  File "/home/jduarte/Herramientas/spark/python/lib/pyspark.zip/pyspark/serializers.py", line 164, in _read_with_length
    return self.loads(obj)
  File "/home/jduarte/Herramientas/spark/python/lib/pyspark.zip/pyspark/serializers.py", line 422, in loads
    return pickle.loads(obj)
  File "/tmp/spark-f90d5008-650d-45d8-a6c2-d0014fdd3bba/userFiles-f8054c7b-0e50-42c9-b257-2f8d60f2d35c/tools.py", line 9, in <module>
    logging.basicConfig(filename="logs/engine.log", format='%(levelname)s:%(message)s', level=logging.INFO)
  File "/usr/lib/python2.7/logging/__init__.py", line 1532, in basicConfig
    hdlr = FileHandler(filename, mode)
  File "/usr/lib/python2.7/logging/__init__.py", line 903, in __init__
    StreamHandler.__init__(self, self._open())
  File "/usr/lib/python2.7/logging/__init__.py", line 928, in _open
    stream = open(self.baseFilename, self.mode)
IOError: [Errno 2] No such file or directory: '/tmp/spark-f90d5008-650d-45d8-a6c2-d0014fdd3bba/userFiles-f8054c7b-0e50-42c9-b257-2f8d60f2d35c/logs/engine.log'

	at org.apache.spark.api.python.PythonRunner$$anon$1.read(PythonRDD.scala:166)
	at org.apache.spark.api.python.PythonRunner$$anon$1.<init>(PythonRDD.scala:207)
	at org.apache.spark.api.python.PythonRunner.compute(PythonRDD.scala:125)
	at org.apache.spark.api.python.PythonRDD.compute(PythonRDD.scala:70)
	at org.apache.spark.rdd.RDD.computeOrReadCheckpoint(RDD.scala:306)
	at org.apache.spark.rdd.RDD.iterator(RDD.scala:270)
	at org.apache.spark.api.python.PairwiseRDD.compute(PythonRDD.scala:342)
	at org.apache.spark.rdd.RDD.computeOrReadCheckpoint(RDD.scala:306)
	at org.apache.spark.rdd.RDD.iterator(RDD.scala:270)
	at org.apache.spark.scheduler.ShuffleMapTask.runTask(ShuffleMapTask.scala:73)
	at org.apache.spark.scheduler.ShuffleMapTask.runTask(ShuffleMapTask.scala:41)
	at org.apache.spark.scheduler.Task.run(Task.scala:89)
	at org.apache.spark.executor.Executor$TaskRunner.run(Executor.scala:214)
	at java.util.concurrent.ThreadPoolExecutor.runWorker(ThreadPoolExecutor.java:1142)
	at java.util.concurrent.ThreadPoolExecutor$Worker.run(ThreadPoolExecutor.java:617)
	... 1 more

INFO:[20/May/2016:19:31:01] ENGINE Keyboard Interrupt: shutting down bus
INFO:[20/May/2016:19:31:01] ENGINE Bus STOPPING
INFO:[20/May/2016:19:31:01] ENGINE HTTP Server cherrypy._cpwsgi_server.CPWSGIServer(('0.0.0.0', 5432)) shut down
INFO:[20/May/2016:19:31:01] ENGINE Stopped thread 'Autoreloader'.
INFO:[20/May/2016:19:31:01] ENGINE Stopped thread '_TimeoutMonitor'.
INFO:[20/May/2016:19:31:01] ENGINE Bus STOPPED
INFO:[20/May/2016:19:31:01] ENGINE Bus EXITING
INFO:[20/May/2016:19:31:01] ENGINE Bus EXITED
INFO:[20/May/2016:19:31:01] ENGINE Waiting for child threads to terminate...
INFO:Calentando motores...
INFO:[20/May/2016:19:31:07] ENGINE Bus STARTING
INFO:[20/May/2016:19:31:07] ENGINE Started monitor thread '_TimeoutMonitor'.
INFO:[20/May/2016:19:31:07] ENGINE Started monitor thread 'Autoreloader'.
INFO:[20/May/2016:19:31:07] ENGINE Serving on http://0.0.0.0:5432
INFO:[20/May/2016:19:31:07] ENGINE Bus STARTED
INFO:Cargando timelines...
INFO:Calculo de features en tweetsRDD...
INFO:Calculo de features en usuariosRDD...
INFO:Realizando Join...
INFO:Finalizando...
INFO:[20/May/2016:19:36:30] ENGINE Keyboard Interrupt: shutting down bus
INFO:[20/May/2016:19:36:30] ENGINE Bus STOPPING
INFO:[20/May/2016:19:36:30] ENGINE HTTP Server cherrypy._cpwsgi_server.CPWSGIServer(('0.0.0.0', 5432)) shut down
INFO:[20/May/2016:19:36:30] ENGINE Stopped thread 'Autoreloader'.
INFO:[20/May/2016:19:36:30] ENGINE Stopped thread '_TimeoutMonitor'.
INFO:[20/May/2016:19:36:30] ENGINE Bus STOPPED
INFO:[20/May/2016:19:36:30] ENGINE Bus EXITING
INFO:[20/May/2016:19:36:30] ENGINE Bus EXITED
INFO:[20/May/2016:19:36:30] ENGINE Waiting for child threads to terminate...
